<?xml version="1.0" encoding="UTF-8"?>
<coverage generated="1723073368036" clover="3.2.0">
  <project timestamp="1723073368036" name="All files">
    <metrics statements="156" coveredstatements="150" conditionals="73" coveredconditionals="62" methods="36" coveredmethods="33" elements="265" coveredelements="245" complexity="0" loc="156" ncloc="156" packages="3" files="5" classes="5"/>
    <package name="TDD-Cancha-sintetica">
      <metrics statements="134" coveredstatements="131" conditionals="44" coveredconditionals="41" methods="29" coveredmethods="28"/>
      <file name="routes.js" path="C:\Users\Deyvis\Downloads\Pruebas de Software\TDD\TDD-Cancha-sintetica\routes.js">
        <metrics statements="129" coveredstatements="127" conditionals="42" coveredconditionals="40" methods="28" coveredmethods="28"/>
        <line num="1" count="5" type="stmt"/>
        <line num="2" count="5" type="stmt"/>
        <line num="3" count="5" type="stmt"/>
        <line num="4" count="5" type="stmt"/>
        <line num="7" count="5" type="stmt"/>
        <line num="8" count="1" type="stmt"/>
        <line num="10" count="1" type="stmt"/>
        <line num="12" count="1" type="stmt"/>
        <line num="14" count="1" type="stmt"/>
        <line num="22" count="5" type="stmt"/>
        <line num="23" count="1" type="stmt"/>
        <line num="25" count="1" type="stmt"/>
        <line num="27" count="1" type="stmt"/>
        <line num="37" count="5" type="stmt"/>
        <line num="38" count="1" type="stmt"/>
        <line num="39" count="1" type="stmt"/>
        <line num="49" count="1" type="stmt"/>
        <line num="72" count="5" type="stmt"/>
        <line num="73" count="1" type="stmt"/>
        <line num="74" count="1" type="stmt"/>
        <line num="77" count="1" type="cond" truecount="2" falsecount="0"/>
        <line num="79" count="1" type="stmt"/>
        <line num="91" count="5" type="stmt"/>
        <line num="92" count="19" type="stmt"/>
        <line num="93" count="19" type="stmt"/>
        <line num="95" count="19" type="stmt"/>
        <line num="110" count="19" type="stmt"/>
        <line num="111" count="19" type="stmt"/>
        <line num="122" count="15" type="stmt"/>
        <line num="123" count="15" type="stmt"/>
        <line num="125" count="15" type="cond" truecount="4" falsecount="0"/>
        <line num="126" count="7" type="stmt"/>
        <line num="128" count="15" type="cond" truecount="3" falsecount="1"/>
        <line num="129" count="0" type="stmt"/>
        <line num="132" count="15" type="stmt"/>
        <line num="135" count="5" type="stmt"/>
        <line num="136" count="5" type="stmt"/>
        <line num="137" count="5" type="stmt"/>
        <line num="139" count="5" type="stmt"/>
        <line num="142" count="5" type="stmt"/>
        <line num="143" count="5" type="stmt"/>
        <line num="146" count="5" type="cond" truecount="4" falsecount="0"/>
        <line num="147" count="3" type="stmt"/>
        <line num="156" count="2" type="stmt"/>
        <line num="176" count="5" type="stmt"/>
        <line num="181" count="5" type="stmt"/>
        <line num="182" count="1" type="stmt"/>
        <line num="185" count="5" type="stmt"/>
        <line num="186" count="2" type="stmt"/>
        <line num="187" count="3" type="stmt"/>
        <line num="189" count="2" type="cond" truecount="2" falsecount="0"/>
        <line num="190" count="1" type="stmt"/>
        <line num="192" count="1" type="stmt"/>
        <line num="197" count="5" type="stmt"/>
        <line num="198" count="3" type="stmt"/>
        <line num="199" count="3" type="stmt"/>
        <line num="201" count="14" type="stmt"/>
        <line num="203" count="3" type="cond" truecount="2" falsecount="0"/>
        <line num="204" count="1" type="stmt"/>
        <line num="209" count="4" type="cond" truecount="2" falsecount="0"/>
        <line num="211" count="2" type="cond" truecount="2" falsecount="0"/>
        <line num="212" count="1" type="stmt"/>
        <line num="216" count="1" type="stmt"/>
        <line num="217" count="1" type="stmt"/>
        <line num="220" count="1" type="stmt"/>
        <line num="224" count="1" type="stmt"/>
        <line num="229" count="5" type="stmt"/>
        <line num="230" count="2" type="stmt"/>
        <line num="231" count="2" type="stmt"/>
        <line num="232" count="15" type="stmt"/>
        <line num="233" count="2" type="cond" truecount="2" falsecount="0"/>
        <line num="234" count="1" type="stmt"/>
        <line num="238" count="1" type="stmt"/>
        <line num="240" count="1" type="stmt"/>
        <line num="246" count="2" type="stmt"/>
        <line num="247" count="2" type="stmt"/>
        <line num="250" count="5" type="stmt"/>
        <line num="251" count="3" type="stmt"/>
        <line num="252" count="19" type="stmt"/>
        <line num="254" count="3" type="cond" truecount="2" falsecount="0"/>
        <line num="255" count="1" type="stmt"/>
        <line num="258" count="2" type="stmt"/>
        <line num="259" count="2" type="stmt"/>
        <line num="261" count="2" type="stmt"/>
        <line num="263" count="2" type="cond" truecount="2" falsecount="0"/>
        <line num="264" count="1" type="stmt"/>
        <line num="267" count="1" type="stmt"/>
        <line num="269" count="1" type="stmt"/>
        <line num="275" count="16" type="stmt"/>
        <line num="278" count="5" type="stmt"/>
        <line num="279" count="2" type="stmt"/>
        <line num="280" count="2" type="stmt"/>
        <line num="281" count="17" type="stmt"/>
        <line num="283" count="2" type="cond" truecount="1" falsecount="1"/>
        <line num="284" count="0" type="stmt"/>
        <line num="287" count="2" type="cond" truecount="2" falsecount="0"/>
        <line num="288" count="1" type="stmt"/>
        <line num="292" count="1" type="stmt"/>
        <line num="294" count="1" type="stmt"/>
        <line num="303" count="5" type="stmt"/>
        <line num="307" count="2" type="stmt"/>
        <line num="308" count="2" type="stmt"/>
        <line num="311" count="5" type="stmt"/>
        <line num="312" count="2" type="stmt"/>
        <line num="314" count="2" type="cond" truecount="2" falsecount="0"/>
        <line num="315" count="1" type="stmt"/>
        <line num="319" count="1" type="stmt"/>
        <line num="320" count="1" type="stmt"/>
        <line num="322" count="1" type="stmt"/>
        <line num="329" count="5" type="stmt"/>
        <line num="332" count="2" type="stmt"/>
        <line num="335" count="5" type="stmt"/>
        <line num="336" count="2" type="stmt"/>
        <line num="338" count="2" type="cond" truecount="2" falsecount="0"/>
        <line num="339" count="1" type="stmt"/>
        <line num="343" count="1" type="stmt"/>
        <line num="344" count="1" type="stmt"/>
        <line num="346" count="1" type="stmt"/>
        <line num="351" count="5" type="stmt"/>
        <line num="352" count="4" type="stmt"/>
        <line num="353" count="4" type="stmt"/>
        <line num="355" count="4" type="cond" truecount="2" falsecount="0"/>
        <line num="356" count="1" type="stmt"/>
        <line num="359" count="3" type="cond" truecount="2" falsecount="0"/>
        <line num="360" count="1" type="stmt"/>
        <line num="363" count="2" type="cond" truecount="2" falsecount="0"/>
        <line num="364" count="1" type="stmt"/>
        <line num="368" count="1" type="stmt"/>
        <line num="372" count="5" type="stmt"/>
      </file>
      <file name="server.js" path="C:\Users\Deyvis\Downloads\Pruebas de Software\TDD\TDD-Cancha-sintetica\server.js">
        <metrics statements="5" coveredstatements="4" conditionals="2" coveredconditionals="1" methods="1" coveredmethods="0"/>
        <line num="1" count="5" type="stmt"/>
        <line num="3" count="5" type="stmt"/>
        <line num="5" count="5" type="cond" truecount="1" falsecount="1"/>
        <line num="6" count="0" type="stmt"/>
        <line num="9" count="5" type="stmt"/>
      </file>
    </package>
    <package name="TDD-Cancha-sintetica.builder">
      <metrics statements="5" coveredstatements="4" conditionals="21" coveredconditionals="16" methods="3" coveredmethods="2"/>
      <file name="cancha_builder.js" path="C:\Users\Deyvis\Downloads\Pruebas de Software\TDD\TDD-Cancha-sintetica\builder\cancha_builder.js">
        <metrics statements="3" coveredstatements="2" conditionals="17" coveredconditionals="12" methods="2" coveredmethods="1"/>
        <line num="2" count="3" type="stmt"/>
        <line num="3" count="0" type="cond" truecount="0" falsecount="5"/>
        <line num="22" count="23" type="stmt"/>
      </file>
      <file name="product-builder.js" path="C:\Users\Deyvis\Downloads\Pruebas de Software\TDD\TDD-Cancha-sintetica\builder\product-builder.js">
        <metrics statements="2" coveredstatements="2" conditionals="4" coveredconditionals="4" methods="1" coveredmethods="1"/>
        <line num="2" count="2" type="stmt"/>
        <line num="3" count="2" type="cond" truecount="4" falsecount="0"/>
      </file>
    </package>
    <package name="TDD-Cancha-sintetica.db">
      <metrics statements="17" coveredstatements="15" conditionals="8" coveredconditionals="5" methods="4" coveredmethods="3"/>
      <file name="index.js" path="C:\Users\Deyvis\Downloads\Pruebas de Software\TDD\TDD-Cancha-sintetica\db\index.js">
        <metrics statements="17" coveredstatements="15" conditionals="8" coveredconditionals="5" methods="4" coveredmethods="3"/>
        <line num="1" count="3" type="stmt"/>
        <line num="2" count="3" type="stmt"/>
        <line num="4" count="3" type="stmt"/>
        <line num="8" count="3" type="stmt"/>
        <line num="9" count="3" type="cond" truecount="1" falsecount="1"/>
        <line num="10" count="3" type="cond" truecount="1" falsecount="1"/>
        <line num="11" count="3" type="stmt"/>
        <line num="13" count="3" type="stmt"/>
        <line num="16" count="0" type="stmt"/>
        <line num="19" count="3" type="stmt"/>
        <line num="20" count="3" type="stmt"/>
        <line num="22" count="3" type="stmt"/>
        <line num="23" count="0" type="stmt"/>
        <line num="27" count="3" type="stmt"/>
        <line num="28" count="3" type="stmt"/>
        <line num="30" count="3" type="cond" truecount="3" falsecount="1"/>
        <line num="31" count="3" type="stmt"/>
      </file>
    </package>
  </project>
</coverage>
