{"C:\\Users\\Deyvis\\Downloads\\Pruebas de Software\\TDD\\TDD-Cancha-sintetica\\routes.js": {"path":"C:\\Users\\Deyvis\\Downloads\\Pruebas de Software\\TDD\\TDD-Cancha-sintetica\\routes.js","statementMap":{"0":{"start":{"line":1,"column":16},"end":{"line":1,"column":34}},"1":{"start":{"line":2,"column":18},"end":{"line":2,"column":59}},"2":{"start":{"line":3,"column":15},"end":{"line":3,"column":31}},"3":{"start":{"line":4,"column":15},"end":{"line":4,"column":17}},"4":{"start":{"line":7,"column":0},"end":{"line":20,"column":2}},"5":{"start":{"line":8,"column":39},"end":{"line":8,"column":47}},"6":{"start":{"line":10,"column":14},"end":{"line":10,"column":19}},"7":{"start":{"line":12,"column":2},"end":{"line":12,"column":43}},"8":{"start":{"line":14,"column":2},"end":{"line":19,"column":4}},"9":{"start":{"line":22,"column":0},"end":{"line":33,"column":2}},"10":{"start":{"line":23,"column":39},"end":{"line":23,"column":47}},"11":{"start":{"line":25,"column":14},"end":{"line":25,"column":19}},"12":{"start":{"line":27,"column":2},"end":{"line":32,"column":4}},"13":{"start":{"line":37,"column":0},"end":{"line":50,"column":2}},"14":{"start":{"line":38,"column":17},"end":{"line":38,"column":27}},"15":{"start":{"line":39,"column":19},"end":{"line":47,"column":3}},"16":{"start":{"line":49,"column":2},"end":{"line":49,"column":33}},"17":{"start":{"line":72,"column":0},"end":{"line":86,"column":3}},"18":{"start":{"line":73,"column":17},"end":{"line":73,"column":27}},"19":{"start":{"line":74,"column":54},"end":{"line":74,"column":62}},"20":{"start":{"line":77,"column":27},"end":{"line":77,"column":103}},"21":{"start":{"line":77,"column":46},"end":{"line":77,"column":102}},"22":{"start":{"line":79,"column":4},"end":{"line":85,"column":5}},"23":{"start":{"line":91,"column":0},"end":{"line":112,"column":3}},"24":{"start":{"line":92,"column":17},"end":{"line":92,"column":27}},"25":{"start":{"line":93,"column":129},"end":{"line":93,"column":137}},"26":{"start":{"line":95,"column":23},"end":{"line":108,"column":3}},"27":{"start":{"line":110,"column":2},"end":{"line":110,"column":30}},"28":{"start":{"line":111,"column":2},"end":{"line":111,"column":37}},"29":{"start":{"line":122,"column":27},"end":{"line":122,"column":45}},"30":{"start":{"line":123,"column":25},"end":{"line":123,"column":52}},"31":{"start":{"line":125,"column":2},"end":{"line":127,"column":3}},"32":{"start":{"line":126,"column":6},"end":{"line":126,"column":18}},"33":{"start":{"line":128,"column":2},"end":{"line":130,"column":3}},"34":{"start":{"line":129,"column":6},"end":{"line":129,"column":16}},"35":{"start":{"line":132,"column":2},"end":{"line":132,"column":30}},"36":{"start":{"line":135,"column":0},"end":{"line":157,"column":3}},"37":{"start":{"line":136,"column":17},"end":{"line":136,"column":27}},"38":{"start":{"line":137,"column":19},"end":{"line":137,"column":27}},"39":{"start":{"line":139,"column":20},"end":{"line":139,"column":35}},"40":{"start":{"line":142,"column":27},"end":{"line":142,"column":47}},"41":{"start":{"line":143,"column":24},"end":{"line":143,"column":45}},"42":{"start":{"line":146,"column":2},"end":{"line":148,"column":3}},"43":{"start":{"line":147,"column":6},"end":{"line":147,"column":68}},"44":{"start":{"line":156,"column":2},"end":{"line":156,"column":56}},"45":{"start":{"line":176,"column":16},"end":{"line":179,"column":1}},"46":{"start":{"line":181,"column":0},"end":{"line":183,"column":3}},"47":{"start":{"line":182,"column":2},"end":{"line":182,"column":20}},"48":{"start":{"line":185,"column":0},"end":{"line":194,"column":3}},"49":{"start":{"line":186,"column":19},"end":{"line":186,"column":46}},"50":{"start":{"line":187,"column":17},"end":{"line":187,"column":53}},"51":{"start":{"line":187,"column":35},"end":{"line":187,"column":52}},"52":{"start":{"line":189,"column":2},"end":{"line":193,"column":3}},"53":{"start":{"line":190,"column":4},"end":{"line":190,"column":21}},"54":{"start":{"line":192,"column":4},"end":{"line":192,"column":60}},"55":{"start":{"line":197,"column":0},"end":{"line":225,"column":3}},"56":{"start":{"line":198,"column":17},"end":{"line":198,"column":27}},"57":{"start":{"line":199,"column":47},"end":{"line":199,"column":55}},"58":{"start":{"line":201,"column":18},"end":{"line":201,"column":50}},"59":{"start":{"line":201,"column":37},"end":{"line":201,"column":49}},"60":{"start":{"line":203,"column":2},"end":{"line":205,"column":3}},"61":{"start":{"line":204,"column":4},"end":{"line":204,"column":68}},"62":{"start":{"line":209,"column":22},"end":{"line":209,"column":103}},"63":{"start":{"line":209,"column":41},"end":{"line":209,"column":102}},"64":{"start":{"line":211,"column":4},"end":{"line":213,"column":5}},"65":{"start":{"line":212,"column":6},"end":{"line":212,"column":88}},"66":{"start":{"line":216,"column":4},"end":{"line":216,"column":37}},"67":{"start":{"line":217,"column":4},"end":{"line":217,"column":36}},"68":{"start":{"line":220,"column":4},"end":{"line":220,"column":29}},"69":{"start":{"line":224,"column":2},"end":{"line":224,"column":32}},"70":{"start":{"line":229,"column":0},"end":{"line":241,"column":3}},"71":{"start":{"line":230,"column":17},"end":{"line":230,"column":27}},"72":{"start":{"line":231,"column":20},"end":{"line":231,"column":28}},"73":{"start":{"line":232,"column":18},"end":{"line":232,"column":50}},"74":{"start":{"line":232,"column":37},"end":{"line":232,"column":49}},"75":{"start":{"line":233,"column":2},"end":{"line":235,"column":3}},"76":{"start":{"line":234,"column":4},"end":{"line":234,"column":68}},"77":{"start":{"line":238,"column":4},"end":{"line":238,"column":33}},"78":{"start":{"line":240,"column":2},"end":{"line":240,"column":32}},"79":{"start":{"line":246,"column":17},"end":{"line":246,"column":32}},"80":{"start":{"line":247,"column":2},"end":{"line":247,"column":35}},"81":{"start":{"line":250,"column":0},"end":{"line":270,"column":3}},"82":{"start":{"line":251,"column":17},"end":{"line":251,"column":27}},"83":{"start":{"line":252,"column":18},"end":{"line":252,"column":50}},"84":{"start":{"line":252,"column":37},"end":{"line":252,"column":49}},"85":{"start":{"line":254,"column":2},"end":{"line":256,"column":3}},"86":{"start":{"line":255,"column":6},"end":{"line":255,"column":70}},"87":{"start":{"line":258,"column":16},"end":{"line":258,"column":26}},"88":{"start":{"line":259,"column":23},"end":{"line":259,"column":46}},"89":{"start":{"line":261,"column":28},"end":{"line":261,"column":64}},"90":{"start":{"line":263,"column":2},"end":{"line":265,"column":3}},"91":{"start":{"line":264,"column":6},"end":{"line":264,"column":112}},"92":{"start":{"line":267,"column":2},"end":{"line":267,"column":48}},"93":{"start":{"line":269,"column":2},"end":{"line":269,"column":71}},"94":{"start":{"line":275,"column":2},"end":{"line":275,"column":58}},"95":{"start":{"line":275,"column":35},"end":{"line":275,"column":56}},"96":{"start":{"line":278,"column":0},"end":{"line":295,"column":3}},"97":{"start":{"line":279,"column":17},"end":{"line":279,"column":27}},"98":{"start":{"line":280,"column":24},"end":{"line":280,"column":32}},"99":{"start":{"line":281,"column":18},"end":{"line":281,"column":50}},"100":{"start":{"line":281,"column":37},"end":{"line":281,"column":49}},"101":{"start":{"line":283,"column":2},"end":{"line":285,"column":3}},"102":{"start":{"line":284,"column":6},"end":{"line":284,"column":70}},"103":{"start":{"line":287,"column":2},"end":{"line":289,"column":3}},"104":{"start":{"line":288,"column":6},"end":{"line":288,"column":106}},"105":{"start":{"line":292,"column":2},"end":{"line":292,"column":27}},"106":{"start":{"line":294,"column":2},"end":{"line":294,"column":81}},"107":{"start":{"line":303,"column":21},"end":{"line":303,"column":43}},"108":{"start":{"line":307,"column":25},"end":{"line":307,"column":40}},"109":{"start":{"line":308,"column":4},"end":{"line":308,"column":40}},"110":{"start":{"line":311,"column":0},"end":{"line":323,"column":3}},"111":{"start":{"line":312,"column":22},"end":{"line":312,"column":30}},"112":{"start":{"line":314,"column":4},"end":{"line":316,"column":5}},"113":{"start":{"line":315,"column":8},"end":{"line":315,"column":82}},"114":{"start":{"line":319,"column":25},"end":{"line":319,"column":66}},"115":{"start":{"line":320,"column":4},"end":{"line":320,"column":32}},"116":{"start":{"line":322,"column":4},"end":{"line":322,"column":93}},"117":{"start":{"line":329,"column":22},"end":{"line":329,"column":23}},"118":{"start":{"line":332,"column":4},"end":{"line":332,"column":37}},"119":{"start":{"line":335,"column":0},"end":{"line":347,"column":3}},"120":{"start":{"line":336,"column":34},"end":{"line":336,"column":42}},"121":{"start":{"line":338,"column":4},"end":{"line":340,"column":5}},"122":{"start":{"line":339,"column":8},"end":{"line":339,"column":85}},"123":{"start":{"line":343,"column":25},"end":{"line":343,"column":66}},"124":{"start":{"line":344,"column":4},"end":{"line":344,"column":32}},"125":{"start":{"line":346,"column":4},"end":{"line":346,"column":93}},"126":{"start":{"line":351,"column":0},"end":{"line":369,"column":3}},"127":{"start":{"line":352,"column":17},"end":{"line":352,"column":27}},"128":{"start":{"line":353,"column":74},"end":{"line":353,"column":82}},"129":{"start":{"line":355,"column":2},"end":{"line":357,"column":3}},"130":{"start":{"line":356,"column":6},"end":{"line":356,"column":83}},"131":{"start":{"line":359,"column":2},"end":{"line":361,"column":3}},"132":{"start":{"line":360,"column":6},"end":{"line":360,"column":102}},"133":{"start":{"line":363,"column":2},"end":{"line":365,"column":3}},"134":{"start":{"line":364,"column":6},"end":{"line":364,"column":83}},"135":{"start":{"line":368,"column":2},"end":{"line":368,"column":75}},"136":{"start":{"line":372,"column":0},"end":{"line":372,"column":30}}},"fnMap":{"0":{"name":"(anonymous_0)","decl":{"start":{"line":7,"column":34},"end":{"line":7,"column":35}},"loc":{"start":{"line":7,"column":54},"end":{"line":20,"column":1}},"line":7},"1":{"name":"(anonymous_1)","decl":{"start":{"line":22,"column":25},"end":{"line":22,"column":26}},"loc":{"start":{"line":22,"column":39},"end":{"line":33,"column":1}},"line":22},"2":{"name":"(anonymous_2)","decl":{"start":{"line":37,"column":53},"end":{"line":37,"column":54}},"loc":{"start":{"line":37,"column":67},"end":{"line":50,"column":1}},"line":37},"3":{"name":"(anonymous_3)","decl":{"start":{"line":72,"column":51},"end":{"line":72,"column":52}},"loc":{"start":{"line":72,"column":65},"end":{"line":86,"column":1}},"line":72},"4":{"name":"(anonymous_4)","decl":{"start":{"line":77,"column":41},"end":{"line":77,"column":42}},"loc":{"start":{"line":77,"column":46},"end":{"line":77,"column":102}},"line":77},"5":{"name":"(anonymous_5)","decl":{"start":{"line":91,"column":53},"end":{"line":91,"column":54}},"loc":{"start":{"line":91,"column":67},"end":{"line":112,"column":1}},"line":91},"6":{"name":"parseTime","decl":{"start":{"line":121,"column":9},"end":{"line":121,"column":18}},"loc":{"start":{"line":121,"column":28},"end":{"line":133,"column":1}},"line":121},"7":{"name":"(anonymous_7)","decl":{"start":{"line":135,"column":61},"end":{"line":135,"column":62}},"loc":{"start":{"line":135,"column":75},"end":{"line":157,"column":1}},"line":135},"8":{"name":"(anonymous_8)","decl":{"start":{"line":181,"column":23},"end":{"line":181,"column":24}},"loc":{"start":{"line":181,"column":37},"end":{"line":183,"column":1}},"line":181},"9":{"name":"(anonymous_9)","decl":{"start":{"line":185,"column":26},"end":{"line":185,"column":27}},"loc":{"start":{"line":185,"column":40},"end":{"line":194,"column":1}},"line":185},"10":{"name":"(anonymous_10)","decl":{"start":{"line":187,"column":30},"end":{"line":187,"column":31}},"loc":{"start":{"line":187,"column":35},"end":{"line":187,"column":52}},"line":187},"11":{"name":"(anonymous_11)","decl":{"start":{"line":197,"column":56},"end":{"line":197,"column":57}},"loc":{"start":{"line":197,"column":70},"end":{"line":225,"column":1}},"line":197},"12":{"name":"(anonymous_12)","decl":{"start":{"line":201,"column":32},"end":{"line":201,"column":33}},"loc":{"start":{"line":201,"column":37},"end":{"line":201,"column":49}},"line":201},"13":{"name":"(anonymous_13)","decl":{"start":{"line":209,"column":36},"end":{"line":209,"column":37}},"loc":{"start":{"line":209,"column":41},"end":{"line":209,"column":102}},"line":209},"14":{"name":"(anonymous_14)","decl":{"start":{"line":229,"column":53},"end":{"line":229,"column":54}},"loc":{"start":{"line":229,"column":67},"end":{"line":241,"column":1}},"line":229},"15":{"name":"(anonymous_15)","decl":{"start":{"line":232,"column":32},"end":{"line":232,"column":33}},"loc":{"start":{"line":232,"column":37},"end":{"line":232,"column":49}},"line":232},"16":{"name":"diferenciaHoras","decl":{"start":{"line":245,"column":9},"end":{"line":245,"column":24}},"loc":{"start":{"line":245,"column":41},"end":{"line":248,"column":1}},"line":245},"17":{"name":"(anonymous_17)","decl":{"start":{"line":250,"column":56},"end":{"line":250,"column":57}},"loc":{"start":{"line":250,"column":70},"end":{"line":270,"column":1}},"line":250},"18":{"name":"(anonymous_18)","decl":{"start":{"line":252,"column":32},"end":{"line":252,"column":33}},"loc":{"start":{"line":252,"column":37},"end":{"line":252,"column":49}},"line":252},"19":{"name":"verificarDisponibilidad","decl":{"start":{"line":274,"column":9},"end":{"line":274,"column":32}},"loc":{"start":{"line":274,"column":39},"end":{"line":276,"column":1}},"line":274},"20":{"name":"(anonymous_20)","decl":{"start":{"line":275,"column":24},"end":{"line":275,"column":25}},"loc":{"start":{"line":275,"column":35},"end":{"line":275,"column":56}},"line":275},"21":{"name":"(anonymous_21)","decl":{"start":{"line":278,"column":54},"end":{"line":278,"column":55}},"loc":{"start":{"line":278,"column":68},"end":{"line":295,"column":1}},"line":278},"22":{"name":"(anonymous_22)","decl":{"start":{"line":281,"column":32},"end":{"line":281,"column":33}},"loc":{"start":{"line":281,"column":37},"end":{"line":281,"column":49}},"line":281},"23":{"name":"verificarFecha","decl":{"start":{"line":306,"column":9},"end":{"line":306,"column":23}},"loc":{"start":{"line":306,"column":31},"end":{"line":309,"column":1}},"line":306},"24":{"name":"(anonymous_24)","decl":{"start":{"line":311,"column":49},"end":{"line":311,"column":50}},"loc":{"start":{"line":311,"column":63},"end":{"line":323,"column":1}},"line":311},"25":{"name":"verificarCantidadJugadores","decl":{"start":{"line":331,"column":9},"end":{"line":331,"column":35}},"loc":{"start":{"line":331,"column":46},"end":{"line":333,"column":1}},"line":331},"26":{"name":"(anonymous_26)","decl":{"start":{"line":335,"column":63},"end":{"line":335,"column":64}},"loc":{"start":{"line":335,"column":77},"end":{"line":347,"column":1}},"line":335},"27":{"name":"(anonymous_27)","decl":{"start":{"line":351,"column":55},"end":{"line":351,"column":56}},"loc":{"start":{"line":351,"column":69},"end":{"line":369,"column":1}},"line":351}},"branchMap":{"0":{"loc":{"start":{"line":77,"column":46},"end":{"line":77,"column":102}},"type":"binary-expr","locations":[{"start":{"line":77,"column":46},"end":{"line":77,"column":83}},{"start":{"line":77,"column":87},"end":{"line":77,"column":102}}],"line":77},"1":{"loc":{"start":{"line":125,"column":2},"end":{"line":127,"column":3}},"type":"if","locations":[{"start":{"line":125,"column":2},"end":{"line":127,"column":3}},{"start":{},"end":{}}],"line":125},"2":{"loc":{"start":{"line":125,"column":6},"end":{"line":125,"column":37}},"type":"binary-expr","locations":[{"start":{"line":125,"column":6},"end":{"line":125,"column":23}},{"start":{"line":125,"column":27},"end":{"line":125,"column":37}}],"line":125},"3":{"loc":{"start":{"line":128,"column":2},"end":{"line":130,"column":3}},"type":"if","locations":[{"start":{"line":128,"column":2},"end":{"line":130,"column":3}},{"start":{},"end":{}}],"line":128},"4":{"loc":{"start":{"line":128,"column":6},"end":{"line":128,"column":39}},"type":"binary-expr","locations":[{"start":{"line":128,"column":6},"end":{"line":128,"column":23}},{"start":{"line":128,"column":27},"end":{"line":128,"column":39}}],"line":128},"5":{"loc":{"start":{"line":146,"column":2},"end":{"line":148,"column":3}},"type":"if","locations":[{"start":{"line":146,"column":2},"end":{"line":148,"column":3}},{"start":{},"end":{}}],"line":146},"6":{"loc":{"start":{"line":146,"column":6},"end":{"line":146,"column":63}},"type":"binary-expr","locations":[{"start":{"line":146,"column":6},"end":{"line":146,"column":34}},{"start":{"line":146,"column":38},"end":{"line":146,"column":63}}],"line":146},"7":{"loc":{"start":{"line":189,"column":2},"end":{"line":193,"column":3}},"type":"if","locations":[{"start":{"line":189,"column":2},"end":{"line":193,"column":3}},{"start":{"line":191,"column":9},"end":{"line":193,"column":3}}],"line":189},"8":{"loc":{"start":{"line":203,"column":2},"end":{"line":205,"column":3}},"type":"if","locations":[{"start":{"line":203,"column":2},"end":{"line":205,"column":3}},{"start":{},"end":{}}],"line":203},"9":{"loc":{"start":{"line":209,"column":41},"end":{"line":209,"column":102}},"type":"binary-expr","locations":[{"start":{"line":209,"column":41},"end":{"line":209,"column":70}},{"start":{"line":209,"column":74},"end":{"line":209,"column":102}}],"line":209},"10":{"loc":{"start":{"line":211,"column":4},"end":{"line":213,"column":5}},"type":"if","locations":[{"start":{"line":211,"column":4},"end":{"line":213,"column":5}},{"start":{},"end":{}}],"line":211},"11":{"loc":{"start":{"line":233,"column":2},"end":{"line":235,"column":3}},"type":"if","locations":[{"start":{"line":233,"column":2},"end":{"line":235,"column":3}},{"start":{},"end":{}}],"line":233},"12":{"loc":{"start":{"line":254,"column":2},"end":{"line":256,"column":3}},"type":"if","locations":[{"start":{"line":254,"column":2},"end":{"line":256,"column":3}},{"start":{},"end":{}}],"line":254},"13":{"loc":{"start":{"line":263,"column":2},"end":{"line":265,"column":3}},"type":"if","locations":[{"start":{"line":263,"column":2},"end":{"line":265,"column":3}},{"start":{},"end":{}}],"line":263},"14":{"loc":{"start":{"line":283,"column":2},"end":{"line":285,"column":3}},"type":"if","locations":[{"start":{"line":283,"column":2},"end":{"line":285,"column":3}},{"start":{},"end":{}}],"line":283},"15":{"loc":{"start":{"line":287,"column":2},"end":{"line":289,"column":3}},"type":"if","locations":[{"start":{"line":287,"column":2},"end":{"line":289,"column":3}},{"start":{},"end":{}}],"line":287},"16":{"loc":{"start":{"line":314,"column":4},"end":{"line":316,"column":5}},"type":"if","locations":[{"start":{"line":314,"column":4},"end":{"line":316,"column":5}},{"start":{},"end":{}}],"line":314},"17":{"loc":{"start":{"line":338,"column":4},"end":{"line":340,"column":5}},"type":"if","locations":[{"start":{"line":338,"column":4},"end":{"line":340,"column":5}},{"start":{},"end":{}}],"line":338},"18":{"loc":{"start":{"line":355,"column":2},"end":{"line":357,"column":3}},"type":"if","locations":[{"start":{"line":355,"column":2},"end":{"line":357,"column":3}},{"start":{},"end":{}}],"line":355},"19":{"loc":{"start":{"line":359,"column":2},"end":{"line":361,"column":3}},"type":"if","locations":[{"start":{"line":359,"column":2},"end":{"line":361,"column":3}},{"start":{},"end":{}}],"line":359},"20":{"loc":{"start":{"line":363,"column":2},"end":{"line":365,"column":3}},"type":"if","locations":[{"start":{"line":363,"column":2},"end":{"line":365,"column":3}},{"start":{},"end":{}}],"line":363}},"s":{"0":5,"1":5,"2":5,"3":5,"4":5,"5":1,"6":1,"7":1,"8":1,"9":5,"10":1,"11":1,"12":1,"13":5,"14":1,"15":1,"16":1,"17":5,"18":1,"19":1,"20":1,"21":1,"22":1,"23":5,"24":19,"25":19,"26":19,"27":19,"28":19,"29":15,"30":15,"31":15,"32":7,"33":15,"34":0,"35":15,"36":5,"37":5,"38":5,"39":5,"40":5,"41":5,"42":5,"43":3,"44":2,"45":5,"46":5,"47":1,"48":5,"49":2,"50":2,"51":3,"52":2,"53":1,"54":1,"55":5,"56":3,"57":3,"58":3,"59":14,"60":3,"61":1,"62":2,"63":4,"64":2,"65":1,"66":1,"67":1,"68":1,"69":1,"70":5,"71":2,"72":2,"73":2,"74":15,"75":2,"76":1,"77":1,"78":1,"79":2,"80":2,"81":5,"82":3,"83":3,"84":19,"85":3,"86":1,"87":2,"88":2,"89":2,"90":2,"91":1,"92":1,"93":1,"94":2,"95":16,"96":5,"97":2,"98":2,"99":2,"100":17,"101":2,"102":0,"103":2,"104":1,"105":1,"106":1,"107":5,"108":2,"109":2,"110":5,"111":2,"112":2,"113":1,"114":1,"115":1,"116":1,"117":5,"118":2,"119":5,"120":2,"121":2,"122":1,"123":1,"124":1,"125":1,"126":5,"127":4,"128":4,"129":4,"130":1,"131":3,"132":1,"133":2,"134":1,"135":1,"136":5},"f":{"0":1,"1":1,"2":1,"3":1,"4":1,"5":19,"6":15,"7":5,"8":1,"9":2,"10":3,"11":3,"12":14,"13":4,"14":2,"15":15,"16":2,"17":3,"18":19,"19":2,"20":16,"21":2,"22":17,"23":2,"24":2,"25":2,"26":2,"27":4},"b":{"0":[1,1],"1":[7,8],"2":[15,7],"3":[0,15],"4":[15,8],"5":[3,2],"6":[5,3],"7":[1,1],"8":[1,2],"9":[4,1],"10":[1,1],"11":[1,1],"12":[1,2],"13":[1,1],"14":[0,2],"15":[1,1],"16":[1,1],"17":[1,1],"18":[1,3],"19":[1,2],"20":[1,1]},"_coverageSchema":"1a1c01bbd47fc00a2c39e90264f33305004495a9","hash":"dad261c10a7455e6b2d4bcc7d6e90a5ff1649d39"}
,"C:\\Users\\Deyvis\\Downloads\\Pruebas de Software\\TDD\\TDD-Cancha-sintetica\\server.js": {"path":"C:\\Users\\Deyvis\\Downloads\\Pruebas de Software\\TDD\\TDD-Cancha-sintetica\\server.js","statementMap":{"0":{"start":{"line":1,"column":16},"end":{"line":1,"column":32}},"1":{"start":{"line":3,"column":13},"end":{"line":3,"column":17}},"2":{"start":{"line":5,"column":0},"end":{"line":7,"column":1}},"3":{"start":{"line":6,"column":2},"end":{"line":6,"column":60}},"4":{"start":{"line":6,"column":19},"end":{"line":6,"column":59}},"5":{"start":{"line":9,"column":0},"end":{"line":9,"column":24}}},"fnMap":{"0":{"name":"(anonymous_0)","decl":{"start":{"line":6,"column":13},"end":{"line":6,"column":14}},"loc":{"start":{"line":6,"column":19},"end":{"line":6,"column":59}},"line":6}},"branchMap":{"0":{"loc":{"start":{"line":5,"column":0},"end":{"line":7,"column":1}},"type":"if","locations":[{"start":{"line":5,"column":0},"end":{"line":7,"column":1}},{"start":{},"end":{}}],"line":5}},"s":{"0":5,"1":5,"2":5,"3":0,"4":0,"5":5},"f":{"0":0},"b":{"0":[0,5]},"_coverageSchema":"1a1c01bbd47fc00a2c39e90264f33305004495a9","hash":"3485965239877c00234334ef006a56b8b4f39491"}
,"C:\\Users\\Deyvis\\Downloads\\Pruebas de Software\\TDD\\TDD-Cancha-sintetica\\builder\\cancha_builder.js": {"path":"C:\\Users\\Deyvis\\Downloads\\Pruebas de Software\\TDD\\TDD-Cancha-sintetica\\builder\\cancha_builder.js","statementMap":{"0":{"start":{"line":2,"column":0},"end":{"line":35,"column":3}},"1":{"start":{"line":3,"column":123},"end":{"line":8,"column":5}},"2":{"start":{"line":22,"column":14},"end":{"line":34,"column":3}}},"fnMap":{"0":{"name":"(anonymous_0)","decl":{"start":{"line":3,"column":12},"end":{"line":3,"column":13}},"loc":{"start":{"line":3,"column":123},"end":{"line":8,"column":5}},"line":3},"1":{"name":"(anonymous_1)","decl":{"start":{"line":10,"column":11},"end":{"line":10,"column":12}},"loc":{"start":{"line":22,"column":14},"end":{"line":34,"column":3}},"line":22}},"branchMap":{"0":{"loc":{"start":{"line":3,"column":13},"end":{"line":3,"column":117}},"type":"default-arg","locations":[{"start":{"line":3,"column":115},"end":{"line":3,"column":117}}],"line":3},"1":{"loc":{"start":{"line":3,"column":15},"end":{"line":3,"column":28}},"type":"default-arg","locations":[{"start":{"line":3,"column":26},"end":{"line":3,"column":28}}],"line":3},"2":{"loc":{"start":{"line":3,"column":29},"end":{"line":3,"column":60}},"type":"default-arg","locations":[{"start":{"line":3,"column":47},"end":{"line":3,"column":60}}],"line":3},"3":{"loc":{"start":{"line":3,"column":62},"end":{"line":3,"column":98}},"type":"default-arg","locations":[{"start":{"line":3,"column":81},"end":{"line":3,"column":98}}],"line":3},"4":{"loc":{"start":{"line":3,"column":100},"end":{"line":3,"column":110}},"type":"default-arg","locations":[{"start":{"line":3,"column":107},"end":{"line":3,"column":110}}],"line":3},"5":{"loc":{"start":{"line":10,"column":12},"end":{"line":22,"column":8}},"type":"default-arg","locations":[{"start":{"line":22,"column":6},"end":{"line":22,"column":8}}],"line":10},"6":{"loc":{"start":{"line":11,"column":4},"end":{"line":11,"column":17}},"type":"default-arg","locations":[{"start":{"line":11,"column":15},"end":{"line":11,"column":17}}],"line":11},"7":{"loc":{"start":{"line":12,"column":4},"end":{"line":12,"column":35}},"type":"default-arg","locations":[{"start":{"line":12,"column":22},"end":{"line":12,"column":35}}],"line":12},"8":{"loc":{"start":{"line":13,"column":4},"end":{"line":13,"column":40}},"type":"default-arg","locations":[{"start":{"line":13,"column":23},"end":{"line":13,"column":40}}],"line":13},"9":{"loc":{"start":{"line":14,"column":4},"end":{"line":14,"column":21}},"type":"default-arg","locations":[{"start":{"line":14,"column":20},"end":{"line":14,"column":21}}],"line":14},"10":{"loc":{"start":{"line":15,"column":4},"end":{"line":15,"column":21}},"type":"default-arg","locations":[{"start":{"line":15,"column":11},"end":{"line":15,"column":21}}],"line":15},"11":{"loc":{"start":{"line":16,"column":4},"end":{"line":16,"column":20}},"type":"default-arg","locations":[{"start":{"line":16,"column":18},"end":{"line":16,"column":20}}],"line":16},"12":{"loc":{"start":{"line":17,"column":4},"end":{"line":17,"column":20}},"type":"default-arg","locations":[{"start":{"line":17,"column":10},"end":{"line":17,"column":20}}],"line":17},"13":{"loc":{"start":{"line":18,"column":4},"end":{"line":18,"column":30}},"type":"default-arg","locations":[{"start":{"line":18,"column":20},"end":{"line":18,"column":30}}],"line":18},"14":{"loc":{"start":{"line":19,"column":4},"end":{"line":19,"column":24}},"type":"default-arg","locations":[{"start":{"line":19,"column":13},"end":{"line":19,"column":24}}],"line":19},"15":{"loc":{"start":{"line":20,"column":4},"end":{"line":20,"column":25}},"type":"default-arg","locations":[{"start":{"line":20,"column":24},"end":{"line":20,"column":25}}],"line":20},"16":{"loc":{"start":{"line":21,"column":4},"end":{"line":21,"column":36}},"type":"default-arg","locations":[{"start":{"line":21,"column":12},"end":{"line":21,"column":36}}],"line":21}},"s":{"0":3,"1":0,"2":23},"f":{"0":0,"1":23},"b":{"0":[0],"1":[0],"2":[0],"3":[0],"4":[0],"5":[9],"6":[23],"7":[23],"8":[23],"9":[23],"10":[16],"11":[23],"12":[23],"13":[23],"14":[23],"15":[21],"16":[18]},"_coverageSchema":"1a1c01bbd47fc00a2c39e90264f33305004495a9","hash":"fd6b2c043b73ef86f3fca6105b6282fb15ac5f8f"}
,"C:\\Users\\Deyvis\\Downloads\\Pruebas de Software\\TDD\\TDD-Cancha-sintetica\\builder\\product-builder.js": {"path":"C:\\Users\\Deyvis\\Downloads\\Pruebas de Software\\TDD\\TDD-Cancha-sintetica\\builder\\product-builder.js","statementMap":{"0":{"start":{"line":2,"column":0},"end":{"line":8,"column":3}},"1":{"start":{"line":3,"column":95},"end":{"line":7,"column":5}}},"fnMap":{"0":{"name":"(anonymous_0)","decl":{"start":{"line":3,"column":13},"end":{"line":3,"column":14}},"loc":{"start":{"line":3,"column":95},"end":{"line":7,"column":5}},"line":3}},"branchMap":{"0":{"loc":{"start":{"line":3,"column":14},"end":{"line":3,"column":89}},"type":"default-arg","locations":[{"start":{"line":3,"column":87},"end":{"line":3,"column":89}}],"line":3},"1":{"loc":{"start":{"line":3,"column":16},"end":{"line":3,"column":35}},"type":"default-arg","locations":[{"start":{"line":3,"column":23},"end":{"line":3,"column":35}}],"line":3},"2":{"loc":{"start":{"line":3,"column":37},"end":{"line":3,"column":67}},"type":"default-arg","locations":[{"start":{"line":3,"column":51},"end":{"line":3,"column":67}}],"line":3},"3":{"loc":{"start":{"line":3,"column":69},"end":{"line":3,"column":82}},"type":"default-arg","locations":[{"start":{"line":3,"column":77},"end":{"line":3,"column":82}}],"line":3}},"s":{"0":2,"1":2},"f":{"0":2},"b":{"0":[2],"1":[2],"2":[2],"3":[2]},"_coverageSchema":"1a1c01bbd47fc00a2c39e90264f33305004495a9","hash":"ded45268c16cd3a0f05ef8af8c24afd4d834ef45"}
,"C:\\Users\\Deyvis\\Downloads\\Pruebas de Software\\TDD\\TDD-Cancha-sintetica\\db\\index.js": {"path":"C:\\Users\\Deyvis\\Downloads\\Pruebas de Software\\TDD\\TDD-Cancha-sintetica\\db\\index.js","statementMap":{"0":{"start":{"line":1,"column":17},"end":{"line":1,"column":36}},"1":{"start":{"line":2,"column":30},"end":{"line":2,"column":62}},"2":{"start":{"line":4,"column":0},"end":{"line":4,"column":27}},"3":{"start":{"line":8,"column":0},"end":{"line":17,"column":2}},"4":{"start":{"line":9,"column":2},"end":{"line":14,"column":3}},"5":{"start":{"line":10,"column":4},"end":{"line":12,"column":5}},"6":{"start":{"line":11,"column":6},"end":{"line":11,"column":53}},"7":{"start":{"line":13,"column":4},"end":{"line":13,"column":32}},"8":{"start":{"line":16,"column":2},"end":{"line":16,"column":28}},"9":{"start":{"line":19,"column":0},"end":{"line":25,"column":2}},"10":{"start":{"line":20,"column":2},"end":{"line":20,"column":30}},"11":{"start":{"line":22,"column":2},"end":{"line":24,"column":5}},"12":{"start":{"line":23,"column":4},"end":{"line":23,"column":60}},"13":{"start":{"line":27,"column":0},"end":{"line":33,"column":2}},"14":{"start":{"line":28,"column":2},"end":{"line":28,"column":30}},"15":{"start":{"line":30,"column":2},"end":{"line":32,"column":3}},"16":{"start":{"line":31,"column":4},"end":{"line":31,"column":29}}},"fnMap":{"0":{"name":"(anonymous_0)","decl":{"start":{"line":8,"column":24},"end":{"line":8,"column":25}},"loc":{"start":{"line":8,"column":36},"end":{"line":17,"column":1}},"line":8},"1":{"name":"(anonymous_1)","decl":{"start":{"line":19,"column":25},"end":{"line":19,"column":26}},"loc":{"start":{"line":19,"column":44},"end":{"line":25,"column":1}},"line":19},"2":{"name":"(anonymous_2)","decl":{"start":{"line":22,"column":35},"end":{"line":22,"column":36}},"loc":{"start":{"line":22,"column":41},"end":{"line":24,"column":3}},"line":22},"3":{"name":"(anonymous_3)","decl":{"start":{"line":27,"column":25},"end":{"line":27,"column":26}},"loc":{"start":{"line":27,"column":37},"end":{"line":33,"column":1}},"line":27}},"branchMap":{"0":{"loc":{"start":{"line":9,"column":2},"end":{"line":14,"column":3}},"type":"if","locations":[{"start":{"line":9,"column":2},"end":{"line":14,"column":3}},{"start":{},"end":{}}],"line":9},"1":{"loc":{"start":{"line":10,"column":4},"end":{"line":12,"column":5}},"type":"if","locations":[{"start":{"line":10,"column":4},"end":{"line":12,"column":5}},{"start":{},"end":{}}],"line":10},"2":{"loc":{"start":{"line":30,"column":2},"end":{"line":32,"column":3}},"type":"if","locations":[{"start":{"line":30,"column":2},"end":{"line":32,"column":3}},{"start":{},"end":{}}],"line":30},"3":{"loc":{"start":{"line":30,"column":6},"end":{"line":30,"column":52}},"type":"binary-expr","locations":[{"start":{"line":30,"column":6},"end":{"line":30,"column":37}},{"start":{"line":30,"column":41},"end":{"line":30,"column":52}}],"line":30}},"s":{"0":3,"1":3,"2":3,"3":3,"4":3,"5":3,"6":3,"7":3,"8":0,"9":3,"10":3,"11":3,"12":0,"13":3,"14":3,"15":3,"16":3},"f":{"0":3,"1":3,"2":0,"3":3},"b":{"0":[3,0],"1":[3,0],"2":[3,0],"3":[3,3]},"_coverageSchema":"1a1c01bbd47fc00a2c39e90264f33305004495a9","hash":"ae5b5a762d4619e1e4a363c497d8bbc9ec0f617f"}
}
