{"/home/bruss/Documentos/Pruebas de Software/TDD-Cancha-sintetica/pruebasParametrizadas.js": {"path":"/home/bruss/Documentos/Pruebas de Software/TDD-Cancha-sintetica/pruebasParametrizadas.js","statementMap":{"0":{"start":{"line":4,"column":8},"end":{"line":4,"column":21}},"1":{"start":{"line":8,"column":8},"end":{"line":8,"column":21}},"2":{"start":{"line":12,"column":8},"end":{"line":12,"column":21}},"3":{"start":{"line":16,"column":8},"end":{"line":18,"column":9}},"4":{"start":{"line":17,"column":12},"end":{"line":17,"column":60}},"5":{"start":{"line":19,"column":8},"end":{"line":19,"column":21}},"6":{"start":{"line":23,"column":0},"end":{"line":23,"column":29}}},"fnMap":{"0":{"name":"(anonymous_0)","decl":{"start":{"line":3,"column":4},"end":{"line":3,"column":5}},"loc":{"start":{"line":3,"column":23},"end":{"line":5,"column":5}},"line":3},"1":{"name":"(anonymous_1)","decl":{"start":{"line":7,"column":4},"end":{"line":7,"column":5}},"loc":{"start":{"line":7,"column":24},"end":{"line":9,"column":5}},"line":7},"2":{"name":"(anonymous_2)","decl":{"start":{"line":11,"column":4},"end":{"line":11,"column":5}},"loc":{"start":{"line":11,"column":29},"end":{"line":13,"column":5}},"line":11},"3":{"name":"(anonymous_3)","decl":{"start":{"line":15,"column":4},"end":{"line":15,"column":5}},"loc":{"start":{"line":15,"column":25},"end":{"line":20,"column":5}},"line":15}},"branchMap":{"0":{"loc":{"start":{"line":16,"column":8},"end":{"line":18,"column":9}},"type":"if","locations":[{"start":{"line":16,"column":8},"end":{"line":18,"column":9}},{"start":{},"end":{}}],"line":16}},"s":{"0":4,"1":4,"2":4,"3":5,"4":1,"5":4,"6":1},"f":{"0":4,"1":4,"2":4,"3":5},"b":{"0":[1,4]},"_coverageSchema":"1a1c01bbd47fc00a2c39e90264f33305004495a9","hash":"4cfe6aae01ef633abec000379c6bb057d0f7b978"}
,"/home/bruss/Documentos/Pruebas de Software/TDD-Cancha-sintetica/routes.js": {"path":"/home/bruss/Documentos/Pruebas de Software/TDD-Cancha-sintetica/routes.js","statementMap":{"0":{"start":{"line":1,"column":16},"end":{"line":1,"column":34}},"1":{"start":{"line":2,"column":18},"end":{"line":2,"column":59}},"2":{"start":{"line":3,"column":15},"end":{"line":3,"column":31}},"3":{"start":{"line":4,"column":15},"end":{"line":4,"column":17}},"4":{"start":{"line":7,"column":0},"end":{"line":20,"column":2}},"5":{"start":{"line":8,"column":39},"end":{"line":8,"column":47}},"6":{"start":{"line":10,"column":14},"end":{"line":10,"column":19}},"7":{"start":{"line":12,"column":2},"end":{"line":12,"column":43}},"8":{"start":{"line":14,"column":2},"end":{"line":19,"column":4}},"9":{"start":{"line":22,"column":0},"end":{"line":33,"column":2}},"10":{"start":{"line":23,"column":39},"end":{"line":23,"column":47}},"11":{"start":{"line":25,"column":14},"end":{"line":25,"column":19}},"12":{"start":{"line":27,"column":2},"end":{"line":32,"column":4}},"13":{"start":{"line":37,"column":0},"end":{"line":50,"column":2}},"14":{"start":{"line":38,"column":17},"end":{"line":38,"column":27}},"15":{"start":{"line":39,"column":19},"end":{"line":47,"column":3}},"16":{"start":{"line":49,"column":2},"end":{"line":49,"column":33}},"17":{"start":{"line":72,"column":0},"end":{"line":97,"column":3}},"18":{"start":{"line":73,"column":17},"end":{"line":73,"column":27}},"19":{"start":{"line":74,"column":54},"end":{"line":74,"column":62}},"20":{"start":{"line":77,"column":27},"end":{"line":77,"column":83}},"21":{"start":{"line":77,"column":46},"end":{"line":77,"column":82}},"22":{"start":{"line":78,"column":2},"end":{"line":85,"column":3}},"23":{"start":{"line":79,"column":4},"end":{"line":84,"column":7}},"24":{"start":{"line":87,"column":23},"end":{"line":93,"column":3}},"25":{"start":{"line":95,"column":2},"end":{"line":95,"column":30}},"26":{"start":{"line":96,"column":2},"end":{"line":96,"column":37}},"27":{"start":{"line":101,"column":0},"end":{"line":119,"column":3}},"28":{"start":{"line":102,"column":17},"end":{"line":102,"column":27}},"29":{"start":{"line":103,"column":97},"end":{"line":103,"column":105}},"30":{"start":{"line":105,"column":23},"end":{"line":115,"column":3}},"31":{"start":{"line":117,"column":2},"end":{"line":117,"column":30}},"32":{"start":{"line":118,"column":2},"end":{"line":118,"column":37}},"33":{"start":{"line":124,"column":16},"end":{"line":127,"column":1}},"34":{"start":{"line":129,"column":0},"end":{"line":131,"column":3}},"35":{"start":{"line":130,"column":2},"end":{"line":130,"column":20}},"36":{"start":{"line":133,"column":0},"end":{"line":142,"column":3}},"37":{"start":{"line":134,"column":19},"end":{"line":134,"column":46}},"38":{"start":{"line":135,"column":17},"end":{"line":135,"column":53}},"39":{"start":{"line":135,"column":35},"end":{"line":135,"column":52}},"40":{"start":{"line":137,"column":2},"end":{"line":141,"column":3}},"41":{"start":{"line":138,"column":4},"end":{"line":138,"column":21}},"42":{"start":{"line":140,"column":4},"end":{"line":140,"column":60}},"43":{"start":{"line":145,"column":0},"end":{"line":173,"column":3}},"44":{"start":{"line":146,"column":17},"end":{"line":146,"column":27}},"45":{"start":{"line":147,"column":47},"end":{"line":147,"column":55}},"46":{"start":{"line":149,"column":18},"end":{"line":149,"column":50}},"47":{"start":{"line":149,"column":37},"end":{"line":149,"column":49}},"48":{"start":{"line":151,"column":2},"end":{"line":153,"column":3}},"49":{"start":{"line":152,"column":4},"end":{"line":152,"column":68}},"50":{"start":{"line":157,"column":22},"end":{"line":157,"column":103}},"51":{"start":{"line":157,"column":41},"end":{"line":157,"column":102}},"52":{"start":{"line":159,"column":4},"end":{"line":161,"column":5}},"53":{"start":{"line":160,"column":6},"end":{"line":160,"column":88}},"54":{"start":{"line":164,"column":4},"end":{"line":164,"column":37}},"55":{"start":{"line":165,"column":4},"end":{"line":165,"column":36}},"56":{"start":{"line":168,"column":4},"end":{"line":168,"column":29}},"57":{"start":{"line":172,"column":2},"end":{"line":172,"column":32}},"58":{"start":{"line":175,"column":0},"end":{"line":187,"column":3}},"59":{"start":{"line":176,"column":17},"end":{"line":176,"column":27}},"60":{"start":{"line":177,"column":20},"end":{"line":177,"column":28}},"61":{"start":{"line":178,"column":18},"end":{"line":178,"column":50}},"62":{"start":{"line":178,"column":37},"end":{"line":178,"column":49}},"63":{"start":{"line":179,"column":2},"end":{"line":181,"column":3}},"64":{"start":{"line":180,"column":4},"end":{"line":180,"column":68}},"65":{"start":{"line":184,"column":4},"end":{"line":184,"column":33}},"66":{"start":{"line":186,"column":2},"end":{"line":186,"column":32}},"67":{"start":{"line":190,"column":0},"end":{"line":190,"column":30}}},"fnMap":{"0":{"name":"(anonymous_0)","decl":{"start":{"line":7,"column":34},"end":{"line":7,"column":35}},"loc":{"start":{"line":7,"column":54},"end":{"line":20,"column":1}},"line":7},"1":{"name":"(anonymous_1)","decl":{"start":{"line":22,"column":25},"end":{"line":22,"column":26}},"loc":{"start":{"line":22,"column":39},"end":{"line":33,"column":1}},"line":22},"2":{"name":"(anonymous_2)","decl":{"start":{"line":37,"column":53},"end":{"line":37,"column":54}},"loc":{"start":{"line":37,"column":67},"end":{"line":50,"column":1}},"line":37},"3":{"name":"(anonymous_3)","decl":{"start":{"line":72,"column":51},"end":{"line":72,"column":52}},"loc":{"start":{"line":72,"column":65},"end":{"line":97,"column":1}},"line":72},"4":{"name":"(anonymous_4)","decl":{"start":{"line":77,"column":41},"end":{"line":77,"column":42}},"loc":{"start":{"line":77,"column":46},"end":{"line":77,"column":82}},"line":77},"5":{"name":"(anonymous_5)","decl":{"start":{"line":101,"column":53},"end":{"line":101,"column":54}},"loc":{"start":{"line":101,"column":67},"end":{"line":119,"column":1}},"line":101},"6":{"name":"(anonymous_6)","decl":{"start":{"line":129,"column":23},"end":{"line":129,"column":24}},"loc":{"start":{"line":129,"column":37},"end":{"line":131,"column":1}},"line":129},"7":{"name":"(anonymous_7)","decl":{"start":{"line":133,"column":26},"end":{"line":133,"column":27}},"loc":{"start":{"line":133,"column":40},"end":{"line":142,"column":1}},"line":133},"8":{"name":"(anonymous_8)","decl":{"start":{"line":135,"column":30},"end":{"line":135,"column":31}},"loc":{"start":{"line":135,"column":35},"end":{"line":135,"column":52}},"line":135},"9":{"name":"(anonymous_9)","decl":{"start":{"line":145,"column":56},"end":{"line":145,"column":57}},"loc":{"start":{"line":145,"column":70},"end":{"line":173,"column":1}},"line":145},"10":{"name":"(anonymous_10)","decl":{"start":{"line":149,"column":32},"end":{"line":149,"column":33}},"loc":{"start":{"line":149,"column":37},"end":{"line":149,"column":49}},"line":149},"11":{"name":"(anonymous_11)","decl":{"start":{"line":157,"column":36},"end":{"line":157,"column":37}},"loc":{"start":{"line":157,"column":41},"end":{"line":157,"column":102}},"line":157},"12":{"name":"(anonymous_12)","decl":{"start":{"line":175,"column":53},"end":{"line":175,"column":54}},"loc":{"start":{"line":175,"column":67},"end":{"line":187,"column":1}},"line":175},"13":{"name":"(anonymous_13)","decl":{"start":{"line":178,"column":32},"end":{"line":178,"column":33}},"loc":{"start":{"line":178,"column":37},"end":{"line":178,"column":49}},"line":178}},"branchMap":{"0":{"loc":{"start":{"line":77,"column":46},"end":{"line":77,"column":82}},"type":"binary-expr","locations":[{"start":{"line":77,"column":46},"end":{"line":77,"column":63}},{"start":{"line":77,"column":67},"end":{"line":77,"column":82}}],"line":77},"1":{"loc":{"start":{"line":78,"column":2},"end":{"line":85,"column":3}},"type":"if","locations":[{"start":{"line":78,"column":2},"end":{"line":85,"column":3}},{"start":{},"end":{}}],"line":78},"2":{"loc":{"start":{"line":137,"column":2},"end":{"line":141,"column":3}},"type":"if","locations":[{"start":{"line":137,"column":2},"end":{"line":141,"column":3}},{"start":{"line":139,"column":9},"end":{"line":141,"column":3}}],"line":137},"3":{"loc":{"start":{"line":151,"column":2},"end":{"line":153,"column":3}},"type":"if","locations":[{"start":{"line":151,"column":2},"end":{"line":153,"column":3}},{"start":{},"end":{}}],"line":151},"4":{"loc":{"start":{"line":157,"column":41},"end":{"line":157,"column":102}},"type":"binary-expr","locations":[{"start":{"line":157,"column":41},"end":{"line":157,"column":70}},{"start":{"line":157,"column":74},"end":{"line":157,"column":102}}],"line":157},"5":{"loc":{"start":{"line":159,"column":4},"end":{"line":161,"column":5}},"type":"if","locations":[{"start":{"line":159,"column":4},"end":{"line":161,"column":5}},{"start":{},"end":{}}],"line":159},"6":{"loc":{"start":{"line":179,"column":2},"end":{"line":181,"column":3}},"type":"if","locations":[{"start":{"line":179,"column":2},"end":{"line":181,"column":3}},{"start":{},"end":{}}],"line":179}},"s":{"0":3,"1":3,"2":3,"3":3,"4":3,"5":1,"6":1,"7":1,"8":1,"9":3,"10":2,"11":2,"12":2,"13":3,"14":1,"15":1,"16":1,"17":3,"18":2,"19":2,"20":2,"21":3,"22":2,"23":1,"24":1,"25":1,"26":1,"27":3,"28":6,"29":6,"30":6,"31":6,"32":6,"33":3,"34":3,"35":1,"36":3,"37":2,"38":2,"39":3,"40":2,"41":1,"42":1,"43":3,"44":3,"45":3,"46":3,"47":12,"48":3,"49":1,"50":2,"51":4,"52":2,"53":1,"54":1,"55":1,"56":1,"57":1,"58":3,"59":2,"60":2,"61":2,"62":13,"63":2,"64":1,"65":1,"66":1,"67":3},"f":{"0":1,"1":2,"2":1,"3":2,"4":3,"5":6,"6":1,"7":2,"8":3,"9":3,"10":12,"11":4,"12":2,"13":13},"b":{"0":[3,1],"1":[1,1],"2":[1,1],"3":[1,2],"4":[4,1],"5":[1,1],"6":[1,1]},"_coverageSchema":"1a1c01bbd47fc00a2c39e90264f33305004495a9","hash":"c53a756f8a8331b22c2f5213197bd7689d0e83fc"}
,"/home/bruss/Documentos/Pruebas de Software/TDD-Cancha-sintetica/server.js": {"path":"/home/bruss/Documentos/Pruebas de Software/TDD-Cancha-sintetica/server.js","statementMap":{"0":{"start":{"line":1,"column":16},"end":{"line":1,"column":32}},"1":{"start":{"line":3,"column":13},"end":{"line":3,"column":17}},"2":{"start":{"line":5,"column":0},"end":{"line":7,"column":1}},"3":{"start":{"line":6,"column":2},"end":{"line":6,"column":60}},"4":{"start":{"line":6,"column":19},"end":{"line":6,"column":59}},"5":{"start":{"line":9,"column":0},"end":{"line":9,"column":24}}},"fnMap":{"0":{"name":"(anonymous_0)","decl":{"start":{"line":6,"column":13},"end":{"line":6,"column":14}},"loc":{"start":{"line":6,"column":19},"end":{"line":6,"column":59}},"line":6}},"branchMap":{"0":{"loc":{"start":{"line":5,"column":0},"end":{"line":7,"column":1}},"type":"if","locations":[{"start":{"line":5,"column":0},"end":{"line":7,"column":1}},{"start":{},"end":{}}],"line":5}},"s":{"0":3,"1":3,"2":3,"3":0,"4":0,"5":3},"f":{"0":0},"b":{"0":[0,3]},"_coverageSchema":"1a1c01bbd47fc00a2c39e90264f33305004495a9","hash":"91f41ed4687168081e40116e0521cb48862ecaa1"}
,"/home/bruss/Documentos/Pruebas de Software/TDD-Cancha-sintetica/builder/cancha_builder.js": {"path":"/home/bruss/Documentos/Pruebas de Software/TDD-Cancha-sintetica/builder/cancha_builder.js","statementMap":{"0":{"start":{"line":2,"column":0},"end":{"line":29,"column":3}},"1":{"start":{"line":3,"column":123},"end":{"line":8,"column":5}},"2":{"start":{"line":19,"column":14},"end":{"line":28,"column":3}}},"fnMap":{"0":{"name":"(anonymous_0)","decl":{"start":{"line":3,"column":12},"end":{"line":3,"column":13}},"loc":{"start":{"line":3,"column":123},"end":{"line":8,"column":5}},"line":3},"1":{"name":"(anonymous_1)","decl":{"start":{"line":10,"column":11},"end":{"line":10,"column":12}},"loc":{"start":{"line":19,"column":14},"end":{"line":28,"column":3}},"line":19}},"branchMap":{"0":{"loc":{"start":{"line":3,"column":13},"end":{"line":3,"column":117}},"type":"default-arg","locations":[{"start":{"line":3,"column":115},"end":{"line":3,"column":117}}],"line":3},"1":{"loc":{"start":{"line":3,"column":15},"end":{"line":3,"column":28}},"type":"default-arg","locations":[{"start":{"line":3,"column":26},"end":{"line":3,"column":28}}],"line":3},"2":{"loc":{"start":{"line":3,"column":29},"end":{"line":3,"column":60}},"type":"default-arg","locations":[{"start":{"line":3,"column":47},"end":{"line":3,"column":60}}],"line":3},"3":{"loc":{"start":{"line":3,"column":62},"end":{"line":3,"column":98}},"type":"default-arg","locations":[{"start":{"line":3,"column":81},"end":{"line":3,"column":98}}],"line":3},"4":{"loc":{"start":{"line":3,"column":100},"end":{"line":3,"column":110}},"type":"default-arg","locations":[{"start":{"line":3,"column":107},"end":{"line":3,"column":110}}],"line":3},"5":{"loc":{"start":{"line":10,"column":12},"end":{"line":19,"column":8}},"type":"default-arg","locations":[{"start":{"line":19,"column":6},"end":{"line":19,"column":8}}],"line":10},"6":{"loc":{"start":{"line":11,"column":4},"end":{"line":11,"column":17}},"type":"default-arg","locations":[{"start":{"line":11,"column":15},"end":{"line":11,"column":17}}],"line":11},"7":{"loc":{"start":{"line":12,"column":4},"end":{"line":12,"column":35}},"type":"default-arg","locations":[{"start":{"line":12,"column":22},"end":{"line":12,"column":35}}],"line":12},"8":{"loc":{"start":{"line":13,"column":4},"end":{"line":13,"column":40}},"type":"default-arg","locations":[{"start":{"line":13,"column":23},"end":{"line":13,"column":40}}],"line":13},"9":{"loc":{"start":{"line":14,"column":4},"end":{"line":14,"column":21}},"type":"default-arg","locations":[{"start":{"line":14,"column":20},"end":{"line":14,"column":21}}],"line":14},"10":{"loc":{"start":{"line":15,"column":4},"end":{"line":15,"column":20}},"type":"default-arg","locations":[{"start":{"line":15,"column":18},"end":{"line":15,"column":20}}],"line":15},"11":{"loc":{"start":{"line":16,"column":4},"end":{"line":16,"column":20}},"type":"default-arg","locations":[{"start":{"line":16,"column":10},"end":{"line":16,"column":20}}],"line":16},"12":{"loc":{"start":{"line":17,"column":4},"end":{"line":17,"column":30}},"type":"default-arg","locations":[{"start":{"line":17,"column":20},"end":{"line":17,"column":30}}],"line":17},"13":{"loc":{"start":{"line":18,"column":4},"end":{"line":18,"column":24}},"type":"default-arg","locations":[{"start":{"line":18,"column":13},"end":{"line":18,"column":24}}],"line":18}},"s":{"0":1,"1":1,"2":6},"f":{"0":1,"1":6},"b":{"0":[1],"1":[1],"2":[1],"3":[1],"4":[1],"5":[6],"6":[6],"7":[6],"8":[6],"9":[6],"10":[6],"11":[6],"12":[6],"13":[6]},"_coverageSchema":"1a1c01bbd47fc00a2c39e90264f33305004495a9","hash":"e8ae55d07a62cdd1cc241f2297dbe89891ae3038"}
}
