TN:
SF:routes.js
FN:7,(anonymous_0)
FN:22,(anonymous_1)
FN:37,(anonymous_2)
FN:72,(anonymous_3)
FN:77,(anonymous_4)
FN:91,(anonymous_5)
FN:121,parseTime
FN:135,(anonymous_7)
FN:181,(anonymous_8)
FN:185,(anonymous_9)
FN:187,(anonymous_10)
FN:197,(anonymous_11)
FN:201,(anonymous_12)
FN:209,(anonymous_13)
FN:229,(anonymous_14)
FN:232,(anonymous_15)
FN:245,diferenciaHoras
FN:250,(anonymous_17)
FN:252,(anonymous_18)
FN:274,verificarDisponibilidad
FN:275,(anonymous_20)
FN:278,(anonymous_21)
FN:281,(anonymous_22)
FN:306,verificarFecha
FN:311,(anonymous_24)
FN:331,verificarCantidadJugadores
FN:335,(anonymous_26)
FN:351,(anonymous_27)
FNF:28
FNH:28
FNDA:1,(anonymous_0)
FNDA:1,(anonymous_1)
FNDA:1,(anonymous_2)
FNDA:1,(anonymous_3)
FNDA:1,(anonymous_4)
FNDA:19,(anonymous_5)
FNDA:15,parseTime
FNDA:5,(anonymous_7)
FNDA:1,(anonymous_8)
FNDA:2,(anonymous_9)
FNDA:3,(anonymous_10)
FNDA:3,(anonymous_11)
FNDA:14,(anonymous_12)
FNDA:4,(anonymous_13)
FNDA:2,(anonymous_14)
FNDA:15,(anonymous_15)
FNDA:2,diferenciaHoras
FNDA:3,(anonymous_17)
FNDA:19,(anonymous_18)
FNDA:2,verificarDisponibilidad
FNDA:16,(anonymous_20)
FNDA:2,(anonymous_21)
FNDA:17,(anonymous_22)
FNDA:2,verificarFecha
FNDA:2,(anonymous_24)
FNDA:2,verificarCantidadJugadores
FNDA:2,(anonymous_26)
FNDA:4,(anonymous_27)
DA:1,5
DA:2,5
DA:3,5
DA:4,5
DA:7,5
DA:8,1
DA:10,1
DA:12,1
DA:14,1
DA:22,5
DA:23,1
DA:25,1
DA:27,1
DA:37,5
DA:38,1
DA:39,1
DA:49,1
DA:72,5
DA:73,1
DA:74,1
DA:77,1
DA:79,1
DA:91,5
DA:92,19
DA:93,19
DA:95,19
DA:110,19
DA:111,19
DA:122,15
DA:123,15
DA:125,15
DA:126,7
DA:128,15
DA:129,0
DA:132,15
DA:135,5
DA:136,5
DA:137,5
DA:139,5
DA:142,5
DA:143,5
DA:146,5
DA:147,3
DA:156,2
DA:176,5
DA:181,5
DA:182,1
DA:185,5
DA:186,2
DA:187,3
DA:189,2
DA:190,1
DA:192,1
DA:197,5
DA:198,3
DA:199,3
DA:201,14
DA:203,3
DA:204,1
DA:209,4
DA:211,2
DA:212,1
DA:216,1
DA:217,1
DA:220,1
DA:224,1
DA:229,5
DA:230,2
DA:231,2
DA:232,15
DA:233,2
DA:234,1
DA:238,1
DA:240,1
DA:246,2
DA:247,2
DA:250,5
DA:251,3
DA:252,19
DA:254,3
DA:255,1
DA:258,2
DA:259,2
DA:261,2
DA:263,2
DA:264,1
DA:267,1
DA:269,1
DA:275,16
DA:278,5
DA:279,2
DA:280,2
DA:281,17
DA:283,2
DA:284,0
DA:287,2
DA:288,1
DA:292,1
DA:294,1
DA:303,5
DA:307,2
DA:308,2
DA:311,5
DA:312,2
DA:314,2
DA:315,1
DA:319,1
DA:320,1
DA:322,1
DA:329,5
DA:332,2
DA:335,5
DA:336,2
DA:338,2
DA:339,1
DA:343,1
DA:344,1
DA:346,1
DA:351,5
DA:352,4
DA:353,4
DA:355,4
DA:356,1
DA:359,3
DA:360,1
DA:363,2
DA:364,1
DA:368,1
DA:372,5
LF:129
LH:127
BRDA:77,0,0,1
BRDA:77,0,1,1
BRDA:125,1,0,7
BRDA:125,1,1,8
BRDA:125,2,0,15
BRDA:125,2,1,7
BRDA:128,3,0,0
BRDA:128,3,1,15
BRDA:128,4,0,15
BRDA:128,4,1,8
BRDA:146,5,0,3
BRDA:146,5,1,2
BRDA:146,6,0,5
BRDA:146,6,1,3
BRDA:189,7,0,1
BRDA:189,7,1,1
BRDA:203,8,0,1
BRDA:203,8,1,2
BRDA:209,9,0,4
BRDA:209,9,1,1
BRDA:211,10,0,1
BRDA:211,10,1,1
BRDA:233,11,0,1
BRDA:233,11,1,1
BRDA:254,12,0,1
BRDA:254,12,1,2
BRDA:263,13,0,1
BRDA:263,13,1,1
BRDA:283,14,0,0
BRDA:283,14,1,2
BRDA:287,15,0,1
BRDA:287,15,1,1
BRDA:314,16,0,1
BRDA:314,16,1,1
BRDA:338,17,0,1
BRDA:338,17,1,1
BRDA:355,18,0,1
BRDA:355,18,1,3
BRDA:359,19,0,1
BRDA:359,19,1,2
BRDA:363,20,0,1
BRDA:363,20,1,1
BRF:42
BRH:40
end_of_record
TN:
SF:server.js
FN:6,(anonymous_0)
FNF:1
FNH:0
FNDA:0,(anonymous_0)
DA:1,5
DA:3,5
DA:5,5
DA:6,0
DA:9,5
LF:5
LH:4
BRDA:5,0,0,0
BRDA:5,0,1,5
BRF:2
BRH:1
end_of_record
TN:
SF:builder\cancha_builder.js
FN:3,(anonymous_0)
FN:10,(anonymous_1)
FNF:2
FNH:1
FNDA:0,(anonymous_0)
FNDA:23,(anonymous_1)
DA:2,3
DA:3,0
DA:22,23
LF:3
LH:2
BRDA:3,0,0,0
BRDA:3,1,0,0
BRDA:3,2,0,0
BRDA:3,3,0,0
BRDA:3,4,0,0
BRDA:10,5,0,9
BRDA:11,6,0,23
BRDA:12,7,0,23
BRDA:13,8,0,23
BRDA:14,9,0,23
BRDA:15,10,0,16
BRDA:16,11,0,23
BRDA:17,12,0,23
BRDA:18,13,0,23
BRDA:19,14,0,23
BRDA:20,15,0,21
BRDA:21,16,0,18
BRF:17
BRH:12
end_of_record
TN:
SF:builder\product-builder.js
FN:3,(anonymous_0)
FNF:1
FNH:1
FNDA:2,(anonymous_0)
DA:2,2
DA:3,2
LF:2
LH:2
BRDA:3,0,0,2
BRDA:3,1,0,2
BRDA:3,2,0,2
BRDA:3,3,0,2
BRF:4
BRH:4
end_of_record
TN:
SF:db\index.js
FN:8,(anonymous_0)
FN:19,(anonymous_1)
FN:22,(anonymous_2)
FN:27,(anonymous_3)
FNF:4
FNH:3
FNDA:3,(anonymous_0)
FNDA:3,(anonymous_1)
FNDA:0,(anonymous_2)
FNDA:3,(anonymous_3)
DA:1,3
DA:2,3
DA:4,3
DA:8,3
DA:9,3
DA:10,3
DA:11,3
DA:13,3
DA:16,0
DA:19,3
DA:20,3
DA:22,3
DA:23,0
DA:27,3
DA:28,3
DA:30,3
DA:31,3
LF:17
LH:15
BRDA:9,0,0,3
BRDA:9,0,1,0
BRDA:10,1,0,3
BRDA:10,1,1,0
BRDA:30,2,0,3
BRDA:30,2,1,0
BRDA:30,3,0,3
BRDA:30,3,1,3
BRF:8
BRH:5
end_of_record
