TN:
SF:app.js
FNF:0
FNH:0
DA:1,3
DA:3,3
DA:5,3
DA:7,3
DA:9,3
DA:11,3
LF:6
LH:6
BRF:0
BRH:0
end_of_record
TN:
SF:routes.js
FN:7,(anonymous_0)
FN:22,(anonymous_1)
FN:37,(anonymous_2)
FN:52,(anonymous_3)
FN:70,(anonymous_4)
FN:75,(anonymous_5)
FNF:6
FNH:6
FNDA:1,(anonymous_0)
FNDA:2,(anonymous_1)
FNDA:1,(anonymous_2)
FNDA:1,(anonymous_3)
FNDA:2,(anonymous_4)
FNDA:3,(anonymous_5)
DA:1,3
DA:2,3
DA:3,3
DA:4,3
DA:7,3
DA:8,1
DA:10,1
DA:12,1
DA:14,1
DA:22,3
DA:23,2
DA:25,2
DA:27,2
DA:37,3
DA:38,1
DA:39,1
DA:49,1
DA:52,3
DA:53,1
DA:54,1
DA:56,1
DA:64,1
DA:65,1
DA:70,3
DA:71,2
DA:72,2
DA:75,3
DA:76,2
DA:77,1
DA:85,1
DA:93,1
DA:94,1
DA:98,3
LF:33
LH:33
BRDA:75,0,0,3
BRDA:75,0,1,1
BRDA:76,1,0,1
BRDA:76,1,1,1
BRF:4
BRH:4
end_of_record
TN:
SF:server.js
FN:6,(anonymous_0)
FNF:1
FNH:0
FNDA:0,(anonymous_0)
DA:1,3
DA:3,3
DA:5,3
DA:6,0
DA:9,3
LF:5
LH:4
BRDA:5,0,0,0
BRDA:5,0,1,3
BRF:2
BRH:1
end_of_record
TN:
SF:builder/cancha_builder.js
FN:3,(anonymous_0)
FNF:1
FNH:1
FNDA:2,(anonymous_0)
DA:2,1
DA:3,2
LF:2
LH:2
BRDA:3,0,0,2
BRDA:3,1,0,2
BRDA:3,2,0,2
BRDA:3,3,0,2
BRDA:3,4,0,2
BRF:5
BRH:5
end_of_record
TN:
SF:builder/product-builder.js
FN:3,(anonymous_0)
FNF:1
FNH:1
FNDA:2,(anonymous_0)
DA:2,2
DA:3,2
LF:2
LH:2
BRDA:3,0,0,2
BRDA:3,1,0,2
BRDA:3,2,0,2
BRDA:3,3,0,2
BRF:4
BRH:4
end_of_record
TN:
SF:services/product-services.js
FN:2,(anonymous_0)
FNF:1
FNH:0
FNDA:0,(anonymous_0)
DA:2,3
LF:1
LH:1
BRF:0
BRH:0
end_of_record
